 Simulation_Period = 20090901 -- 20161231
       Mon                         AVG & STDDEV for VAR[1:n]
    200909            0.000109            0.000041            0.030629            0.001969            0.000052            0.000002            0.000010            0.000000
    200910            0.000045            0.000014            0.030870            0.000157            0.000058            0.000001            0.000011            0.000000
    200911            0.000021            0.000006            0.030450            0.000092            0.000062            0.000001            0.000012            0.000000
    200912            0.000010            0.000002            0.030212            0.000056            0.000065            0.000001            0.000012            0.000000
    201001            0.000009            0.000002            0.030038            0.000052            0.000067            0.000001            0.000013            0.000000
    201002            0.000009            0.000002            0.029877            0.000044            0.000068            0.000000            0.000013            0.000000
    201003            0.000022            0.000010            0.029651            0.000094            0.000071            0.000001            0.000013            0.000000
    201004            0.000074            0.000026            0.029193            0.000167            0.000074            0.000001            0.000014            0.000000
    201005            0.000119            0.000017            0.028850            0.000319            0.000079            0.000001            0.000015            0.000001
    201006            0.000116            0.000010            0.027637            0.000352            0.000084            0.000002            0.000018            0.000001
    201007            0.000118            0.000014            0.026424            0.000372            0.000090            0.000002            0.000022            0.000001
    201008            0.000099            0.000016            0.025155            0.000332            0.000095            0.000001            0.000026            0.000001
    201009            0.000093            0.000005            0.024085            0.000303            0.000099            0.000001            0.000029            0.000001
    201010            0.000078            0.000007            0.023095            0.000260            0.000101            0.000000            0.000032            0.000001
    201011            0.000048            0.000005            0.022332            0.000181            0.000102            0.000000            0.000034            0.000000
    201012            0.000021            0.000015            0.021796            0.000117            0.000101            0.000000            0.000034            0.000000
    201101            0.000008            0.000010            0.021537            0.000059            0.000100            0.000001            0.000035            0.000000
    201102            0.000034            0.000007            0.022188            0.000315            0.000098            0.000000            0.000034            0.000000
    201103            0.000038            0.000005            0.021990            0.000158            0.000098            0.000000            0.000035            0.000000
    201104            0.000068            0.000008            0.021364            0.000211            0.000099            0.000000            0.000035            0.000000
    201105            0.000111            0.000016            0.020757            0.000274            0.000101            0.000001            0.000036            0.000000
    201106            0.000109            0.000013            0.019719            0.000296            0.000103            0.000001            0.000037            0.000001
    201107            0.000058            0.000016            0.018823            0.000211            0.000107            0.000001            0.000039            0.000001
    201108            0.000054            0.000004            0.018178            0.000171            0.000110            0.000000            0.000041            0.000000
    201109            0.000066            0.000005            0.017635            0.000138            0.000110            0.000000            0.000041            0.000000
    201110            0.000060            0.000003            0.017632            0.000406            0.000108            0.000001            0.000041            0.000000
    201111            0.000048            0.000006            0.018577            0.000073            0.000107            0.000000            0.000040            0.000000
    201112            0.000034            0.000002            0.019176            0.000157            0.000105            0.000000            0.000039            0.000000
    201201            0.000032            0.000002            0.019155            0.000037            0.000104            0.000000            0.000038            0.000000
    201202            0.000032            0.000004            0.018926            0.000086            0.000103            0.000000            0.000037            0.000000
    201203            0.000057            0.000016            0.018452            0.000185            0.000104            0.000000            0.000037            0.000000
    201204            0.000089            0.000013            0.017827            0.000170            0.000105            0.000000            0.000036            0.000000
    201205            0.000056            0.000009            0.017568            0.000198            0.000107            0.000001            0.000036            0.000000
    201206            0.000079            0.000007            0.016826            0.000242            0.000110            0.000001            0.000036            0.000000
    201207            0.000069            0.000017            0.016025            0.000228            0.000113            0.000001            0.000037            0.000000
    201208            0.000066            0.000003            0.015271            0.000208            0.000116            0.000001            0.000038            0.000000
    201209            0.000065            0.000005            0.014572            0.000186            0.000118            0.000000            0.000038            0.000000
    201210            0.000053            0.000005            0.013971            0.000160            0.000118            0.000000            0.000038            0.000000
    201211            0.000036            0.000004            0.013506            0.000111            0.000117            0.000001            0.000037            0.000000
    201212            0.000027            0.000003            0.013352            0.000085            0.000114            0.000001            0.000036            0.000000
    201301            0.000022            0.000001            0.013932            0.000088            0.000112            0.000001            0.000035            0.000000
    201302            0.000023            0.000001            0.013768            0.000082            0.000110            0.000000            0.000034            0.000000
    201303            0.000025            0.000001            0.013466            0.000095            0.000109            0.000000            0.000033            0.000000
    201304            0.000043            0.000010            0.013116            0.000102            0.000109            0.000000            0.000032            0.000000
    201305            0.000085            0.000008            0.013123            0.000184            0.000109            0.000000            0.000031            0.000000
    201306            0.000132            0.000009            0.012351            0.000266            0.000110            0.000000            0.000031            0.000000
    201307            0.000109            0.000014            0.011486            0.000228            0.000111            0.000000            0.000031            0.000000
    201308            0.000115            0.000012            0.010791            0.000130            0.000111            0.000000            0.000032            0.000000
    201309            0.000080            0.000003            0.010245            0.000174            0.000110            0.000000            0.000032            0.000000
    201310            0.000059            0.000007            0.010277            0.000308            0.000109            0.000001            0.000033            0.000000
    201311            0.000041            0.000005            0.010991            0.000369            0.000107            0.000001            0.000033            0.000000
    201312            0.000030            0.000003            0.012323            0.000288            0.000105            0.000000            0.000032            0.000000
    201401            0.000029            0.000001            0.012832            0.000089            0.000104            0.000000            0.000032            0.000000
    201402            0.000028            0.000003            0.012504            0.000108            0.000103            0.000000            0.000031            0.000000
    201403            0.000031            0.000003            0.012100            0.000129            0.000103            0.000000            0.000031            0.000000
    201404            0.000054            0.000014            0.011595            0.000170            0.000104            0.000000            0.000031            0.000000
    201405            0.000087            0.000002            0.011155            0.000201            0.000105            0.000000            0.000031            0.000000
    201406            0.000122            0.000022            0.010336            0.000266            0.000107            0.000001            0.000031            0.000000
    201407            0.000120            0.000021            0.009396            0.000248            0.000108            0.000000            0.000032            0.000000
    201408            0.000088            0.000014            0.008620            0.000196            0.000108            0.000000            0.000033            0.000000
    201409            0.000064            0.000002            0.008054            0.000140            0.000108            0.000000            0.000033            0.000000
    201410            0.000056            0.000003            0.008116            0.000361            0.000106            0.000001            0.000033            0.000000
    201411            0.000035            0.000004            0.008892            0.000206            0.000104            0.000001            0.000033            0.000000
    201412            0.000029            0.000002            0.009609            0.000105            0.000103            0.000000            0.000032            0.000000
    201501            0.000026            0.000002            0.009923            0.000059            0.000101            0.000000            0.000032            0.000000
    201502            0.000029            0.000006            0.010195            0.000122            0.000100            0.000000            0.000031            0.000000
    201503            0.000045            0.000012            0.009971            0.000158            0.000100            0.000000            0.000031            0.000000
    201504            0.000083            0.000021            0.009669            0.000176            0.000101            0.000000            0.000030            0.000000
    201505            0.000133            0.000008            0.010443            0.000234            0.000102            0.000001            0.000031            0.000000
    201506            0.000132            0.000016            0.009556            0.000285            0.000104            0.000001            0.000032            0.000000
    201507            0.000129            0.000019            0.008586            0.000264            0.000106            0.000000            0.000033            0.000000
    201508            0.000122            0.000011            0.008172            0.000156            0.000106            0.000000            0.000034            0.000000
    201509            0.000129            0.000018            0.008902            0.000986            0.000106            0.000000            0.000035            0.000000
    201510            0.000072            0.000009            0.010201            0.000227            0.000106            0.000000            0.000036            0.000000
    201511            0.000049            0.000006            0.009789            0.000149            0.000106            0.000000            0.000037            0.000000
    201512            0.000041            0.000002            0.010123            0.000212            0.000105            0.000000            0.000036            0.000000
    201601            0.000036            0.000001            0.010364            0.000087            0.000104            0.000000            0.000036            0.000000
    201602            0.000036            0.000001            0.009944            0.000131            0.000103            0.000000            0.000036            0.000000
    201603            0.000039            0.000005            0.009472            0.000143            0.000103            0.000000            0.000035            0.000000
    201604            0.000075            0.000023            0.009094            0.000207            0.000104            0.000000            0.000035            0.000000
    201605            0.000140            0.000008            0.010214            0.000409            0.000106            0.000001            0.000035            0.000000
    201606            0.000138            0.000012            0.009505            0.000316            0.000108            0.000001            0.000036            0.000000
    201607            0.000143            0.000008            0.008411            0.000300            0.000110            0.000000            0.000037            0.000000
    201608            0.000111            0.000019            0.007469            0.000233            0.000110            0.000000            0.000037            0.000000
    201609            0.000107            0.000020            0.007482            0.000251            0.000110            0.000000            0.000038            0.000000
    201610            0.000077            0.000006            0.007356            0.000160            0.000109            0.000000            0.000038            0.000000
    201611            0.000050            0.000005            0.007720            0.000462            0.000107            0.000001            0.000038            0.000000
    201612            0.000035            0.000003            0.009448            0.000440            0.000105            0.000000            0.000037            0.000000
